<?xml version="1.0" encoding="UTF-8"?>
<!-- Generated by org.testng.reporters.JUnitXMLReporter -->
<testsuite ignored="0" hostname="Baltejj_pc" failures="0" tests="16" name="Default test" time="170.637" errors="0" timestamp="2026-06-14T20:58:21 IST">
  <testcase classname="com.test.automation.BaseTest" name="fillForm" time="2.257"/>
  <testcase classname="com.test.automation.BaseTest" name="Radio_and_CheckButtons" time="4.16"/>
  <testcase classname="com.test.automation.BaseTest" name="uploadfiles" time="0.472"/>
  <testcase classname="com.test.automation.BaseTest" name="Pagination_Table" time="2.416"/>
  <testcase classname="com.test.automation.BaseTest" name="Forms" time="1.361"/>
  <testcase classname="com.test.automation.BaseTest" name="Search" time="1.902"/>
  <testcase classname="com.test.automation.BaseTest" name="Dynamicbutton" time="0.277"/>
  <testcase classname="com.test.automation.BaseTest" name="AlertsandPopups" time="0.913"/>
  <testcase classname="com.test.automation.BaseTest" name="window_Handling" time="0.396"/>
  <testcase classname="com.test.automation.BaseTest" name="multiple_windowHandling" time="1.451"/>
  <testcase classname="com.test.automation.BaseTest" name="Mouse_Hover" time="0.293"/>
  <testcase classname="com.test.automation.BaseTest" name="DoubleClick" time="0.396"/>
  <testcase classname="com.test.automation.BaseTest" name="DragandDrop" time="0.624"/>
  <testcase classname="com.test.automation.BaseTest" name="Slider" time="1.227"/>
  <testcase classname="com.test.automation.BaseTest" name="Scrolling_Dropdown" time="0.551"/>
  <testcase classname="com.test.automation.BaseTest" name="LaptopLinks" time="7.973"/>
</testsuite> <!-- Default test -->
