<?xml version="1.0" encoding="UTF-8"?>
<!-- Generated by org.testng.reporters.JUnitReportReporter -->
<testsuite hostname="Baltejj_pc" failures="0" tests="16" name="com.test.automation.BaseTest" time="170.551" errors="0" timestamp="2026-06-14T20:58:21 IST" skipped="0">
  <testcase classname="com.test.automation.BaseTest" name="fillForm" time="10.272"/>
  <testcase classname="com.test.automation.BaseTest" name="Radio_and_CheckButtons" time="13.082"/>
  <testcase classname="com.test.automation.BaseTest" name="uploadfiles" time="8.574"/>
  <testcase classname="com.test.automation.BaseTest" name="Pagination_Table" time="12.120"/>
  <testcase classname="com.test.automation.BaseTest" name="Forms" time="10.074"/>
  <testcase classname="com.test.automation.BaseTest" name="Search" time="13.045"/>
  <testcase classname="com.test.automation.BaseTest" name="Dynamicbutton" time="8.250"/>
  <testcase classname="com.test.automation.BaseTest" name="AlertsandPopups" time="10.574"/>
  <testcase classname="com.test.automation.BaseTest" name="window_Handling" time="8.905"/>
  <testcase classname="com.test.automation.BaseTest" name="multiple_windowHandling" time="10.069"/>
  <testcase classname="com.test.automation.BaseTest" name="Mouse_Hover" time="9.410"/>
  <testcase classname="com.test.automation.BaseTest" name="DoubleClick" time="8.470"/>
  <testcase classname="com.test.automation.BaseTest" name="DragandDrop" time="10.792"/>
  <testcase classname="com.test.automation.BaseTest" name="Slider" time="11.443"/>
  <testcase classname="com.test.automation.BaseTest" name="Scrolling_Dropdown" time="8.462"/>
  <testcase classname="com.test.automation.BaseTest" name="LaptopLinks" time="17.009"/>
</testsuite> <!-- com.test.automation.BaseTest -->
