<?xml version="1.0" encoding="UTF-8"?>
<!-- Generated by org.testng.reporters.JUnitReportReporter -->
<testsuite hostname="DESKTOP-RRQUBGQ" failures="0" tests="5" name="com.test.automation.AutomationPracticeTest" time="28.526" errors="0" timestamp="2026-06-07T17:00:10 IST" skipped="0">
  <testcase classname="com.test.automation.AutomationPracticeTest" name="testFormInputElements" time="1.621"/>
  <testcase classname="com.test.automation.AutomationPracticeTest" name="testDynamicAndAdvancedElements" time="1.194"/>
  <testcase classname="com.test.automation.AutomationPracticeTest" name="testWebTables" time="0.098"/>
  <testcase classname="com.test.automation.AutomationPracticeTest" name="testAlertsAndPopups" time="0.506"/>
  <testcase classname="com.test.automation.AutomationPracticeTest" name="testFramesAndWindows" time="25.107"/>
</testsuite> <!-- com.test.automation.AutomationPracticeTest -->
