<?xml version="1.0" encoding="UTF-8"?>
<testng-results ignored="0" total="16" passed="16" failed="0" skipped="0">
  <reporter-output>
  </reporter-output>
  <suite started-at="2026-06-14T20:55:31 IST" name="Default suite" finished-at="2026-06-14T20:58:21 IST" duration-ms="170637">
    <groups>
    </groups>
    <test started-at="2026-06-14T20:55:31 IST" name="Default test" finished-at="2026-06-14T20:58:21 IST" duration-ms="170637">
      <class name="com.test.automation.BaseTest">
        <test-method is-config="true" signature="beforeMethod()[pri:0, instance:com.test.automation.BaseTest@6ed3ccb2]" started-at="2026-06-14T20:55:31 IST" name="beforeMethod" finished-at="2026-06-14T20:55:40 IST" duration-ms="9509" status="PASS">
          <reporter-output>
          </reporter-output>
        </test-method> <!-- beforeMethod -->
        <test-method signature="fillForm()[pri:0, instance:com.test.automation.BaseTest@6ed3ccb2]" started-at="2026-06-14T20:55:40 IST" name="fillForm" finished-at="2026-06-14T20:55:42 IST" duration-ms="2257" status="PASS">
          <reporter-output>
          </reporter-output>
        </test-method> <!-- fillForm -->
        <test-method is-config="true" signature="afterMethod()[pri:0, instance:com.test.automation.BaseTest@6ed3ccb2]" started-at="2026-06-14T20:55:42 IST" name="afterMethod" finished-at="2026-06-14T20:55:43 IST" duration-ms="239" status="PASS">
          <reporter-output>
          </reporter-output>
        </test-method> <!-- afterMethod -->
        <test-method is-config="true" signature="beforeMethod()[pri:0, instance:com.test.automation.BaseTest@6ed3ccb2]" started-at="2026-06-14T20:55:43 IST" name="beforeMethod" finished-at="2026-06-14T20:55:51 IST" duration-ms="8336" status="PASS">
          <reporter-output>
          </reporter-output>
        </test-method> <!-- beforeMethod -->
        <test-method signature="Radio_and_CheckButtons()[pri:5, instance:com.test.automation.BaseTest@6ed3ccb2]" started-at="2026-06-14T20:55:51 IST" name="Radio_and_CheckButtons" finished-at="2026-06-14T20:55:55 IST" duration-ms="4160" status="PASS">
          <reporter-output>
          </reporter-output>
        </test-method> <!-- Radio_and_CheckButtons -->
        <test-method is-config="true" signature="afterMethod()[pri:0, instance:com.test.automation.BaseTest@6ed3ccb2]" started-at="2026-06-14T20:55:55 IST" name="afterMethod" finished-at="2026-06-14T20:55:55 IST" duration-ms="172" status="PASS">
          <reporter-output>
          </reporter-output>
        </test-method> <!-- afterMethod -->
        <test-method is-config="true" signature="beforeMethod()[pri:0, instance:com.test.automation.BaseTest@6ed3ccb2]" started-at="2026-06-14T20:55:55 IST" name="beforeMethod" finished-at="2026-06-14T20:56:03 IST" duration-ms="7712" status="PASS">
          <reporter-output>
          </reporter-output>
        </test-method> <!-- beforeMethod -->
        <test-method signature="uploadfiles()[pri:6, instance:com.test.automation.BaseTest@6ed3ccb2]" started-at="2026-06-14T20:56:03 IST" name="uploadfiles" finished-at="2026-06-14T20:56:04 IST" duration-ms="472" status="PASS">
          <reporter-output>
          </reporter-output>
        </test-method> <!-- uploadfiles -->
        <test-method is-config="true" signature="afterMethod()[pri:0, instance:com.test.automation.BaseTest@6ed3ccb2]" started-at="2026-06-14T20:56:04 IST" name="afterMethod" finished-at="2026-06-14T20:56:04 IST" duration-ms="204" status="PASS">
          <reporter-output>
          </reporter-output>
        </test-method> <!-- afterMethod -->
        <test-method is-config="true" signature="beforeMethod()[pri:0, instance:com.test.automation.BaseTest@6ed3ccb2]" started-at="2026-06-14T20:56:04 IST" name="beforeMethod" finished-at="2026-06-14T20:56:14 IST" duration-ms="10046" status="PASS">
          <reporter-output>
          </reporter-output>
        </test-method> <!-- beforeMethod -->
        <test-method signature="Pagination_Table()[pri:7, instance:com.test.automation.BaseTest@6ed3ccb2]" started-at="2026-06-14T20:56:14 IST" name="Pagination_Table" finished-at="2026-06-14T20:56:16 IST" duration-ms="2416" status="PASS">
          <reporter-output>
          </reporter-output>
        </test-method> <!-- Pagination_Table -->
        <test-method is-config="true" signature="afterMethod()[pri:0, instance:com.test.automation.BaseTest@6ed3ccb2]" started-at="2026-06-14T20:56:16 IST" name="afterMethod" finished-at="2026-06-14T20:56:16 IST" duration-ms="199" status="PASS">
          <reporter-output>
          </reporter-output>
        </test-method> <!-- afterMethod -->
        <test-method is-config="true" signature="beforeMethod()[pri:0, instance:com.test.automation.BaseTest@6ed3ccb2]" started-at="2026-06-14T20:56:16 IST" name="beforeMethod" finished-at="2026-06-14T20:56:24 IST" duration-ms="7919" status="PASS">
          <reporter-output>
          </reporter-output>
        </test-method> <!-- beforeMethod -->
        <test-method signature="Forms(java.lang.String,java.lang.String,java.lang.String)[pri:8, instance:com.test.automation.BaseTest@6ed3ccb2]" started-at="2026-06-14T20:56:24 IST" name="Forms" data-provider="paragraph" finished-at="2026-06-14T20:56:26 IST" duration-ms="1361" status="PASS">
          <params>
            <param index="0">
              <value>
                <![CDATA[You know why my World is Beautiful?]]>
              </value>
            </param>
            <param index="1">
              <value>
                <![CDATA[Why??]]>
              </value>
            </param>
            <param index="2">
              <value>
                <![CDATA[Because, it's you!.]]>
              </value>
            </param>
          </params>
          <reporter-output>
          </reporter-output>
        </test-method> <!-- Forms -->
        <test-method is-config="true" signature="afterMethod()[pri:0, instance:com.test.automation.BaseTest@6ed3ccb2]" started-at="2026-06-14T20:56:26 IST" name="afterMethod" finished-at="2026-06-14T20:56:26 IST" duration-ms="187" status="PASS">
          <reporter-output>
          </reporter-output>
        </test-method> <!-- afterMethod -->
        <test-method is-config="true" signature="beforeMethod()[pri:0, instance:com.test.automation.BaseTest@6ed3ccb2]" started-at="2026-06-14T20:56:26 IST" name="beforeMethod" finished-at="2026-06-14T20:56:35 IST" duration-ms="9541" status="PASS">
          <reporter-output>
          </reporter-output>
        </test-method> <!-- beforeMethod -->
        <test-method signature="Search(java.lang.String)[pri:9, instance:com.test.automation.BaseTest@6ed3ccb2]" started-at="2026-06-14T20:56:35 IST" name="Search" data-provider="searchdata" finished-at="2026-06-14T20:56:37 IST" duration-ms="1902" status="PASS">
          <params>
            <param index="0">
              <value>
                <![CDATA[King]]>
              </value>
            </param>
          </params>
          <reporter-output>
          </reporter-output>
        </test-method> <!-- Search -->
        <test-method is-config="true" signature="afterMethod()[pri:0, instance:com.test.automation.BaseTest@6ed3ccb2]" started-at="2026-06-14T20:56:37 IST" name="afterMethod" finished-at="2026-06-14T20:56:37 IST" duration-ms="163" status="PASS">
          <reporter-output>
          </reporter-output>
        </test-method> <!-- afterMethod -->
        <test-method is-config="true" signature="beforeMethod()[pri:0, instance:com.test.automation.BaseTest@6ed3ccb2]" started-at="2026-06-14T20:56:37 IST" name="beforeMethod" finished-at="2026-06-14T20:56:46 IST" duration-ms="8927" status="PASS">
          <reporter-output>
          </reporter-output>
        </test-method> <!-- beforeMethod -->
        <test-method signature="Dynamicbutton()[pri:10, instance:com.test.automation.BaseTest@6ed3ccb2]" started-at="2026-06-14T20:56:46 IST" name="Dynamicbutton" finished-at="2026-06-14T20:56:47 IST" duration-ms="277" status="PASS">
          <reporter-output>
          </reporter-output>
        </test-method> <!-- Dynamicbutton -->
        <test-method is-config="true" signature="afterMethod()[pri:0, instance:com.test.automation.BaseTest@6ed3ccb2]" started-at="2026-06-14T20:56:47 IST" name="afterMethod" finished-at="2026-06-14T20:56:47 IST" duration-ms="173" status="PASS">
          <reporter-output>
          </reporter-output>
        </test-method> <!-- afterMethod -->
        <test-method is-config="true" signature="beforeMethod()[pri:0, instance:com.test.automation.BaseTest@6ed3ccb2]" started-at="2026-06-14T20:56:47 IST" name="beforeMethod" finished-at="2026-06-14T20:56:55 IST" duration-ms="8343" status="PASS">
          <reporter-output>
          </reporter-output>
        </test-method> <!-- beforeMethod -->
        <test-method signature="AlertsandPopups()[pri:11, instance:com.test.automation.BaseTest@6ed3ccb2]" started-at="2026-06-14T20:56:55 IST" name="AlertsandPopups" finished-at="2026-06-14T20:56:56 IST" duration-ms="913" status="PASS">
          <reporter-output>
          </reporter-output>
        </test-method> <!-- AlertsandPopups -->
        <test-method is-config="true" signature="afterMethod()[pri:0, instance:com.test.automation.BaseTest@6ed3ccb2]" started-at="2026-06-14T20:56:56 IST" name="afterMethod" finished-at="2026-06-14T20:56:56 IST" duration-ms="190" status="PASS">
          <reporter-output>
          </reporter-output>
        </test-method> <!-- afterMethod -->
        <test-method is-config="true" signature="beforeMethod()[pri:0, instance:com.test.automation.BaseTest@6ed3ccb2]" started-at="2026-06-14T20:56:56 IST" name="beforeMethod" finished-at="2026-06-14T20:57:05 IST" duration-ms="8512" status="PASS">
          <reporter-output>
          </reporter-output>
        </test-method> <!-- beforeMethod -->
        <test-method signature="window_Handling()[pri:12, instance:com.test.automation.BaseTest@6ed3ccb2]" started-at="2026-06-14T20:57:05 IST" name="window_Handling" finished-at="2026-06-14T20:57:05 IST" duration-ms="396" status="PASS">
          <reporter-output>
          </reporter-output>
        </test-method> <!-- window_Handling -->
        <test-method is-config="true" signature="afterMethod()[pri:0, instance:com.test.automation.BaseTest@6ed3ccb2]" started-at="2026-06-14T20:57:05 IST" name="afterMethod" finished-at="2026-06-14T20:57:05 IST" duration-ms="170" status="PASS">
          <reporter-output>
          </reporter-output>
        </test-method> <!-- afterMethod -->
        <test-method is-config="true" signature="beforeMethod()[pri:0, instance:com.test.automation.BaseTest@6ed3ccb2]" started-at="2026-06-14T20:57:05 IST" name="beforeMethod" finished-at="2026-06-14T20:57:14 IST" duration-ms="8865" status="PASS">
          <reporter-output>
          </reporter-output>
        </test-method> <!-- beforeMethod -->
        <test-method signature="multiple_windowHandling()[pri:13, instance:com.test.automation.BaseTest@6ed3ccb2]" started-at="2026-06-14T20:57:14 IST" name="multiple_windowHandling" finished-at="2026-06-14T20:57:16 IST" duration-ms="1451" status="PASS">
          <reporter-output>
          </reporter-output>
        </test-method> <!-- multiple_windowHandling -->
        <test-method is-config="true" signature="afterMethod()[pri:0, instance:com.test.automation.BaseTest@6ed3ccb2]" started-at="2026-06-14T20:57:16 IST" name="afterMethod" finished-at="2026-06-14T20:57:16 IST" duration-ms="150" status="PASS">
          <reporter-output>
          </reporter-output>
        </test-method> <!-- afterMethod -->
        <test-method is-config="true" signature="beforeMethod()[pri:0, instance:com.test.automation.BaseTest@6ed3ccb2]" started-at="2026-06-14T20:57:16 IST" name="beforeMethod" finished-at="2026-06-14T20:57:24 IST" duration-ms="7833" status="PASS">
          <reporter-output>
          </reporter-output>
        </test-method> <!-- beforeMethod -->
        <test-method signature="Mouse_Hover()[pri:14, instance:com.test.automation.BaseTest@6ed3ccb2]" started-at="2026-06-14T20:57:24 IST" name="Mouse_Hover" finished-at="2026-06-14T20:57:24 IST" duration-ms="293" status="PASS">
          <reporter-output>
          </reporter-output>
        </test-method> <!-- Mouse_Hover -->
        <test-method is-config="true" signature="afterMethod()[pri:0, instance:com.test.automation.BaseTest@6ed3ccb2]" started-at="2026-06-14T20:57:24 IST" name="afterMethod" finished-at="2026-06-14T20:57:24 IST" duration-ms="182" status="PASS">
          <reporter-output>
          </reporter-output>
        </test-method> <!-- afterMethod -->
        <test-method is-config="true" signature="beforeMethod()[pri:0, instance:com.test.automation.BaseTest@6ed3ccb2]" started-at="2026-06-14T20:57:24 IST" name="beforeMethod" finished-at="2026-06-14T20:57:32 IST" duration-ms="7823" status="PASS">
          <reporter-output>
          </reporter-output>
        </test-method> <!-- beforeMethod -->
        <test-method signature="DoubleClick()[pri:15, instance:com.test.automation.BaseTest@6ed3ccb2]" started-at="2026-06-14T20:57:32 IST" name="DoubleClick" finished-at="2026-06-14T20:57:32 IST" duration-ms="396" status="PASS">
          <reporter-output>
          </reporter-output>
        </test-method> <!-- DoubleClick -->
        <test-method is-config="true" signature="afterMethod()[pri:0, instance:com.test.automation.BaseTest@6ed3ccb2]" started-at="2026-06-14T20:57:32 IST" name="afterMethod" finished-at="2026-06-14T20:57:33 IST" duration-ms="201" status="PASS">
          <reporter-output>
          </reporter-output>
        </test-method> <!-- afterMethod -->
        <test-method is-config="true" signature="beforeMethod()[pri:0, instance:com.test.automation.BaseTest@6ed3ccb2]" started-at="2026-06-14T20:57:33 IST" name="beforeMethod" finished-at="2026-06-14T20:57:44 IST" duration-ms="10939" status="PASS">
          <reporter-output>
          </reporter-output>
        </test-method> <!-- beforeMethod -->
        <test-method signature="DragandDrop()[pri:16, instance:com.test.automation.BaseTest@6ed3ccb2]" started-at="2026-06-14T20:57:44 IST" name="DragandDrop" finished-at="2026-06-14T20:57:44 IST" duration-ms="624" status="PASS">
          <reporter-output>
          </reporter-output>
        </test-method> <!-- DragandDrop -->
        <test-method is-config="true" signature="afterMethod()[pri:0, instance:com.test.automation.BaseTest@6ed3ccb2]" started-at="2026-06-14T20:57:44 IST" name="afterMethod" finished-at="2026-06-14T20:57:44 IST" duration-ms="152" status="PASS">
          <reporter-output>
          </reporter-output>
        </test-method> <!-- afterMethod -->
        <test-method is-config="true" signature="beforeMethod()[pri:0, instance:com.test.automation.BaseTest@6ed3ccb2]" started-at="2026-06-14T20:57:44 IST" name="beforeMethod" finished-at="2026-06-14T20:57:53 IST" duration-ms="8750" status="PASS">
          <reporter-output>
          </reporter-output>
        </test-method> <!-- beforeMethod -->
        <test-method signature="Slider()[pri:17, instance:com.test.automation.BaseTest@6ed3ccb2]" started-at="2026-06-14T20:57:53 IST" name="Slider" finished-at="2026-06-14T20:57:54 IST" duration-ms="1227" status="PASS">
          <reporter-output>
          </reporter-output>
        </test-method> <!-- Slider -->
        <test-method is-config="true" signature="afterMethod()[pri:0, instance:com.test.automation.BaseTest@6ed3ccb2]" started-at="2026-06-14T20:57:54 IST" name="afterMethod" finished-at="2026-06-14T20:57:54 IST" duration-ms="183" status="PASS">
          <reporter-output>
          </reporter-output>
        </test-method> <!-- afterMethod -->
        <test-method is-config="true" signature="beforeMethod()[pri:0, instance:com.test.automation.BaseTest@6ed3ccb2]" started-at="2026-06-14T20:57:54 IST" name="beforeMethod" finished-at="2026-06-14T20:58:02 IST" duration-ms="7887" status="PASS">
          <reporter-output>
          </reporter-output>
        </test-method> <!-- beforeMethod -->
        <test-method signature="Scrolling_Dropdown()[pri:18, instance:com.test.automation.BaseTest@6ed3ccb2]" started-at="2026-06-14T20:58:02 IST" name="Scrolling_Dropdown" finished-at="2026-06-14T20:58:03 IST" duration-ms="551" status="PASS">
          <reporter-output>
          </reporter-output>
        </test-method> <!-- Scrolling_Dropdown -->
        <test-method is-config="true" signature="afterMethod()[pri:0, instance:com.test.automation.BaseTest@6ed3ccb2]" started-at="2026-06-14T20:58:03 IST" name="afterMethod" finished-at="2026-06-14T20:58:03 IST" duration-ms="171" status="PASS">
          <reporter-output>
          </reporter-output>
        </test-method> <!-- afterMethod -->
        <test-method is-config="true" signature="beforeMethod()[pri:0, instance:com.test.automation.BaseTest@6ed3ccb2]" started-at="2026-06-14T20:58:03 IST" name="beforeMethod" finished-at="2026-06-14T20:58:11 IST" duration-ms="8379" status="PASS">
          <reporter-output>
          </reporter-output>
        </test-method> <!-- beforeMethod -->
        <test-method signature="LaptopLinks()[pri:19, instance:com.test.automation.BaseTest@6ed3ccb2]" started-at="2026-06-14T20:58:11 IST" name="LaptopLinks" finished-at="2026-06-14T20:58:19 IST" duration-ms="7973" status="PASS">
          <reporter-output>
          </reporter-output>
        </test-method> <!-- LaptopLinks -->
        <test-method is-config="true" signature="afterMethod()[pri:0, instance:com.test.automation.BaseTest@6ed3ccb2]" started-at="2026-06-14T20:58:19 IST" name="afterMethod" finished-at="2026-06-14T20:58:21 IST" duration-ms="1825" status="PASS">
          <reporter-output>
          </reporter-output>
        </test-method> <!-- afterMethod -->
      </class> <!-- com.test.automation.BaseTest -->
    </test> <!-- Default test -->
  </suite> <!-- Default suite -->
</testng-results>
