<?xml version="1.0" encoding="UTF-8"?>
<!-- Generated by org.testng.reporters.JUnitXMLReporter -->
<testsuite ignored="0" hostname="Baltejj_pc" failures="5" tests="20" name="Functional UI Tests" time="233.998" errors="0" timestamp="2026-06-14T13:46:00 IST">
  <testcase classname="com.test.automation.BaseTest" name="GUI_ELEMENTSName" time="0.0">
    <failure type="java.lang.RuntimeException" message="java.io.FileNotFoundException: C:\Users\rajesh\Downloads\TestData.xlsx (The system cannot find the path specified)">
      <![CDATA[java.lang.RuntimeException: java.io.FileNotFoundException: C:\Users\rajesh\Downloads\TestData.xlsx (The system cannot find the path specified)
at java.base/java.util.ArrayList.forEach(ArrayList.java:1596)
Caused by: java.io.FileNotFoundException: C:\Users\rajesh\Downloads\TestData.xlsx (The system cannot find the path specified)
at java.base/java.io.FileInputStream.open0(Native Method)
at java.base/java.io.FileInputStream.open(FileInputStream.java:213)
at java.base/java.io.FileInputStream.<init>(FileInputStream.java:152)
at java.base/java.io.FileInputStream.<init>(FileInputStream.java:106)
at com.test.automation.BaseTest.nameexcel(BaseTest.java:26)
... 25 more
... Removed 30 stack frames]]>
    </failure>
  </testcase> <!-- GUI_ELEMENTSName -->
  <testcase classname="com.test.automation.BaseTest" name="GUI_ELEMENTSEmail" time="0.0">
    <failure type="java.lang.RuntimeException" message="java.io.FileNotFoundException: C:\Users\rajesh\Downloads\TestData.xlsx (The system cannot find the path specified)">
      <![CDATA[java.lang.RuntimeException: java.io.FileNotFoundException: C:\Users\rajesh\Downloads\TestData.xlsx (The system cannot find the path specified)
at java.base/java.util.ArrayList.forEach(ArrayList.java:1596)
Caused by: java.io.FileNotFoundException: C:\Users\rajesh\Downloads\TestData.xlsx (The system cannot find the path specified)
at java.base/java.io.FileInputStream.open0(Native Method)
at java.base/java.io.FileInputStream.open(FileInputStream.java:213)
at java.base/java.io.FileInputStream.<init>(FileInputStream.java:152)
at java.base/java.io.FileInputStream.<init>(FileInputStream.java:106)
at com.test.automation.BaseTest.emailexcel(BaseTest.java:43)
... 25 more
... Removed 30 stack frames]]>
    </failure>
  </testcase> <!-- GUI_ELEMENTSEmail -->
  <testcase classname="com.test.automation.BaseTest" name="GUI_ELEMENTSMobileNumber" time="0.0">
    <failure type="java.lang.RuntimeException" message="java.io.FileNotFoundException: C:\Users\rajesh\Downloads\TestData.xlsx (The system cannot find the path specified)">
      <![CDATA[java.lang.RuntimeException: java.io.FileNotFoundException: C:\Users\rajesh\Downloads\TestData.xlsx (The system cannot find the path specified)
at java.base/java.util.ArrayList.forEach(ArrayList.java:1596)
Caused by: java.io.FileNotFoundException: C:\Users\rajesh\Downloads\TestData.xlsx (The system cannot find the path specified)
at java.base/java.io.FileInputStream.open0(Native Method)
at java.base/java.io.FileInputStream.open(FileInputStream.java:213)
at java.base/java.io.FileInputStream.<init>(FileInputStream.java:152)
at java.base/java.io.FileInputStream.<init>(FileInputStream.java:106)
at com.test.automation.BaseTest.mobilenumberexcel(BaseTest.java:60)
... 25 more
... Removed 30 stack frames]]>
    </failure>
  </testcase> <!-- GUI_ELEMENTSMobileNumber -->
  <testcase classname="com.test.automation.BaseTest" name="GUI_ELEMENTSAAddress" time="0.0">
    <failure type="java.lang.RuntimeException" message="java.io.FileNotFoundException: C:\Users\rajesh\Downloads\TestData.xlsx (The system cannot find the path specified)">
      <![CDATA[java.lang.RuntimeException: java.io.FileNotFoundException: C:\Users\rajesh\Downloads\TestData.xlsx (The system cannot find the path specified)
at java.base/java.util.ArrayList.forEach(ArrayList.java:1596)
Caused by: java.io.FileNotFoundException: C:\Users\rajesh\Downloads\TestData.xlsx (The system cannot find the path specified)
at java.base/java.io.FileInputStream.open0(Native Method)
at java.base/java.io.FileInputStream.open(FileInputStream.java:213)
at java.base/java.io.FileInputStream.<init>(FileInputStream.java:152)
at java.base/java.io.FileInputStream.<init>(FileInputStream.java:106)
at com.test.automation.BaseTest.addressexcel(BaseTest.java:77)
... 25 more
... Removed 30 stack frames]]>
    </failure>
  </testcase> <!-- GUI_ELEMENTSAAddress -->
  <testcase classname="com.test.automation.BaseTest" name="Radio_and_CheckButtons" time="13.852"/>
  <testcase classname="com.test.automation.BaseTest" name="uploadfiles" time="0.583">
    <failure type="org.openqa.selenium.InvalidArgumentException" message="invalid argument: File not found : C:\Users\rajesh\Downloads\TestData.xlsx
  (Session info: chrome=149.0.7827.103)
Build info: version: &amp;apos;4.21.0&amp;apos;, revision: &amp;apos;79ed462ef4&amp;apos;
System info: os.name: &amp;apos;Windows 11&amp;apos;, os.arch: &amp;apos;amd64&amp;apos;, os.version: &amp;apos;10.0&amp;apos;, java.version: &amp;apos;21.0.2&amp;apos;
Driver info: org.openqa.selenium.chrome.ChromeDriver
Command: [d270119f27efb5e4056ae66cc02f6552, sendKeysToElement {id=f.E8BAFF73A6C1805139B8CBB1D32A9A95.d.AFF5224A560ED1299AF8D59CA12C81FD.e.172, value=[Ljava.lang.CharSequence;@5d332969}]
Capabilities {acceptInsecureCerts: false, browserName: chrome, browserVersion: 149.0.7827.103, chrome: {chromedriverVersion: 149.0.7827.115 (daf70f9ddee..., userDataDir: C:\Users\surla\AppData\Loca...}, fedcm:accounts: true, goog:chromeOptions: {debuggerAddress: localhost:55978}, goog:processID: 22332, networkConnectionEnabled: false, pageLoadStrategy: normal, platformName: windows, proxy: Proxy(), se:cdp: ws://localhost:55978/devtoo..., se:cdpVersion: 149.0.7827.103, setWindowRect: true, strictFileInteractability: false, timeouts: {implicit: 0, pageLoad: 300000, script: 30000}, unhandledPromptBehavior: dismiss and notify, webauthn:extension:credBlob: true, webauthn:extension:largeBlob: true, webauthn:extension:minPinLength: true, webauthn:extension:prf: true, webauthn:virtualAuthenticators: true}
Element: [[ChromeDriver: chrome on windows (d270119f27efb5e4056ae66cc02f6552)] -&amp;gt; id: singleFileInput]
Session ID: d270119f27efb5e4056ae66cc02f6552">
      <![CDATA[org.openqa.selenium.InvalidArgumentException: invalid argument: File not found : C:\Users\rajesh\Downloads\TestData.xlsx
  (Session info: chrome=149.0.7827.103)
Build info: version: '4.21.0', revision: '79ed462ef4'
System info: os.name: 'Windows 11', os.arch: 'amd64', os.version: '10.0', java.version: '21.0.2'
Driver info: org.openqa.selenium.chrome.ChromeDriver
Command: [d270119f27efb5e4056ae66cc02f6552, sendKeysToElement {id=f.E8BAFF73A6C1805139B8CBB1D32A9A95.d.AFF5224A560ED1299AF8D59CA12C81FD.e.172, value=[Ljava.lang.CharSequence;@5d332969}]
Capabilities {acceptInsecureCerts: false, browserName: chrome, browserVersion: 149.0.7827.103, chrome: {chromedriverVersion: 149.0.7827.115 (daf70f9ddee..., userDataDir: C:\Users\surla\AppData\Loca...}, fedcm:accounts: true, goog:chromeOptions: {debuggerAddress: localhost:55978}, goog:processID: 22332, networkConnectionEnabled: false, pageLoadStrategy: normal, platformName: windows, proxy: Proxy(), se:cdp: ws://localhost:55978/devtoo..., se:cdpVersion: 149.0.7827.103, setWindowRect: true, strictFileInteractability: false, timeouts: {implicit: 0, pageLoad: 300000, script: 30000}, unhandledPromptBehavior: dismiss and notify, webauthn:extension:credBlob: true, webauthn:extension:largeBlob: true, webauthn:extension:minPinLength: true, webauthn:extension:prf: true, webauthn:virtualAuthenticators: true}
Element: [[ChromeDriver: chrome on windows (d270119f27efb5e4056ae66cc02f6552)] -> id: singleFileInput]
Session ID: d270119f27efb5e4056ae66cc02f6552
at org.openqa.selenium.remote.ErrorCodec.decode(ErrorCodec.java:167)
at org.openqa.selenium.remote.codec.w3c.W3CHttpResponseCodec.decode(W3CHttpResponseCodec.java:138)
at org.openqa.selenium.remote.codec.w3c.W3CHttpResponseCodec.decode(W3CHttpResponseCodec.java:50)
at org.openqa.selenium.remote.HttpCommandExecutor.execute(HttpCommandExecutor.java:190)
at org.openqa.selenium.remote.service.DriverCommandExecutor.invokeExecute(DriverCommandExecutor.java:216)
at org.openqa.selenium.remote.service.DriverCommandExecutor.execute(DriverCommandExecutor.java:174)
at org.openqa.selenium.remote.RemoteWebDriver.execute(RemoteWebDriver.java:518)
at org.openqa.selenium.remote.RemoteWebElement.execute(RemoteWebElement.java:223)
at org.openqa.selenium.remote.RemoteWebElement.sendKeys(RemoteWebElement.java:110)
at POM.POM_Implementation.upload(POM_Implementation.java:397)
at com.test.automation.BaseTest.uploadfiles(BaseTest.java:135)
at java.base/java.util.ArrayList.forEach(ArrayList.java:1596)
... Removed 28 stack frames]]>
    </failure>
  </testcase> <!-- uploadfiles -->
  <testcase classname="com.test.automation.BaseTest" name="Pagination_Table" time="13.972"/>
  <testcase classname="com.test.automation.BaseTest" name="Forms" time="4.218"/>
  <testcase classname="com.test.automation.BaseTest" name="Search" time="7.596"/>
  <testcase classname="com.test.automation.BaseTest" name="Dynamicbutton" time="0.62"/>
  <testcase classname="com.test.automation.BaseTest" name="AlertsandPopups" time="2.835"/>
  <testcase classname="com.test.automation.BaseTest" name="window_Handling" time="1.184"/>
  <testcase classname="com.test.automation.BaseTest" name="multiple_windowHandling" time="5.811"/>
  <testcase classname="com.test.automation.BaseTest" name="Mouse_Hover" time="0.687"/>
  <testcase classname="com.test.automation.BaseTest" name="DoubleClick" time="1.198"/>
  <testcase classname="com.test.automation.BaseTest" name="DragandDrop" time="1.34"/>
  <testcase classname="com.test.automation.BaseTest" name="Slider" time="2.381"/>
  <testcase classname="com.test.automation.BaseTest" name="Scrolling_Dropdown" time="1.759"/>
  <testcase classname="com.test.automation.BaseTest" name="LaptopLinks" time="10.639"/>
  <testcase classname="com.test.automation.BaseTest" name="Broken_Links" time="15.591"/>
</testsuite> <!-- Functional UI Tests -->
